Arguments:
	seed=195932581
	model_name='tp-transformer'
	module_name='probability__swr_p_sequence_more_samples'
	load_model='C:\\Users\\anteg\\Desktop\\PROJEKTI\\TP-Transformer-master\\trained\\lr=0.0001_bs=128_h=512_f=2048_nl=6_nh=8_d=0.0_Adam_\\195932581\\best_eval_model.pt'
	eval_mode=True
	n_steps=10000
	max_strikes=1000
	log_every=50
	eval_every=200
	full_loader=False
	force_remove=False
	force_reload=False
	no_train=False
	log_folder='logs\\probability__swr_p_sequence_more_samples\\tp-transformer\\lr=0.0001_bs=64_h=512_f=2048_nl=6_nh=8_d=0.0_Adam\\195932581'
	log_suffix=''
	optimizer='Adam'
	learning_rate=0.0001
	beta1=0.9
	beta2=0.995
	batch_size=64
	max_abs_grad_norm=0.1
	grad_accum_steps=1
	dropout=0.0
	hidden=512
	n_layers=6
	n_heads=8
	filter=2048
	d_r=0
	device=device(type='cuda')
using JIT loader
Loading JIT datasets ...
Creating iterators ...
Loading JIT datasets ...
Creating iterators ...
Building model ...
done. 49178624 trainable parameters.

eval: loss=4.1058 acc=0.0752 b/sec=0.15 time=0.4 min
run:  logs\probability__swr_p_sequence_more_samples\tp-transformer\lr=0.0001_bs=64_h=512_f=2048_nl=6_nh=8_d=0.0_Adam\195932581
best: loss=0.1620 acc=0.7796 best since 0 steps and 28122420.0 min

Arguments:
	seed=195932581
	model_name='tp-transformer'
	module_name='probability__swr_p_sequence_more_samples'
	load_model='C:\\Users\\anteg\\Desktop\\PROJEKTI\\TP-Transformer-master\\trained\\arithmetic\\lr=0.0001_bs=128_h=512_f=2048_nl=6_nh=8_d=0.0_Adam_\\195932581\\best_eval_model.pt'
	eval_mode=True
	n_steps=10000
	max_strikes=1000
	log_every=50
	eval_every=200
	full_loader=False
	force_remove=False
	force_reload=False
	no_train=False
	log_folder='logs\\probability__swr_p_sequence_more_samples\\tp-transformer\\lr=0.0001_bs=64_h=512_f=2048_nl=6_nh=8_d=0.0_Adam\\195932581'
	log_suffix=''
	optimizer='Adam'
	learning_rate=0.0001
	beta1=0.9
	beta2=0.995
	batch_size=64
	max_abs_grad_norm=0.1
	grad_accum_steps=1
	dropout=0.0
	hidden=512
	n_layers=6
	n_heads=8
	filter=2048
	d_r=0
	device=device(type='cuda')
using JIT loader
Loading JIT datasets ...
Creating iterators ...
Loading JIT datasets ...
Creating iterators ...
Building model ...
done. 49160704 trainable parameters.

eval: loss=9.1632 acc=0.0015 b/sec=0.15 time=0.4 min
run:  logs\probability__swr_p_sequence_more_samples\tp-transformer\lr=0.0001_bs=64_h=512_f=2048_nl=6_nh=8_d=0.0_Adam\195932581
best: loss=0.1798 acc=0.7459 best since 0 steps and 28122455.0 min

Arguments:
	seed=195932581
	model_name='tp-transformer'
	module_name='probability__swr_p_sequence_more_samples'
	load_model='C:\\Users\\anteg\\Desktop\\PROJEKTI\\TP-Transformer-master\\trained\\algebra2d\\lr=0.0001_bs=128_h=512_f=2048_nl=6_nh=8_d=0.0_Adam_\\195932581\\best_eval_model.pt'
	eval_mode=True
	n_steps=10000
	max_strikes=1000
	log_every=50
	eval_every=200
	full_loader=False
	force_remove=False
	force_reload=False
	no_train=False
	log_folder='logs\\probability__swr_p_sequence_more_samples\\tp-transformer\\lr=0.0001_bs=64_h=512_f=2048_nl=6_nh=8_d=0.0_Adam\\195932581'
	log_suffix=''
	optimizer='Adam'
	learning_rate=0.0001
	beta1=0.9
	beta2=0.995
	batch_size=64
	max_abs_grad_norm=0.1
	grad_accum_steps=1
	dropout=0.0
	hidden=512
	n_layers=6
	n_heads=8
	filter=2048
	d_r=0
	device=device(type='cuda')
using JIT loader
Loading JIT datasets ...
Creating iterators ...
Loading JIT datasets ...
Creating iterators ...
Building model ...
done. 49165824 trainable parameters.

eval: loss=11.9478 acc=0.0204 b/sec=0.15 time=0.4 min
run:  logs\probability__swr_p_sequence_more_samples\tp-transformer\lr=0.0001_bs=64_h=512_f=2048_nl=6_nh=8_d=0.0_Adam\195932581
best: loss=0.6056 acc=0.3541 best since 0 steps and 28122460.9 min

